<?xml version='1.0' encoding='UTF-8'?>
<testsuite hostname="filip-MS-7918" name="client.GameSpec" tests="13" errors="0" failures="0" skipped="0" time="0.034">
                     <properties>
[...]
</properties>
                     <testcase classname="client.GameSpec" name="handle click should doesn't select any piece" time="0.004">
                                                 
                                               </testcase><testcase classname="client.GameSpec" name="handle click should select piece" time="0.001">
                                                 
                                               </testcase><testcase classname="client.GameSpec" name="move pawn should doesn't move pawn" time="0.002">
                                                 
                                               </testcase><testcase classname="client.GameSpec" name="move pawn should move pawns" time="0.001">
                                                 
                                               </testcase><testcase classname="client.GameSpec" name="pawn jump should jump one piece" time="0.001">
                                                 
                                               </testcase><testcase classname="client.GameSpec" name="pawn jump should jump multiple piece" time="0.002">
                                                 
                                               </testcase><testcase classname="client.GameSpec" name="pawn jump should doesn't jump multiple piece" time="0.004">
                                                 
                                               </testcase><testcase classname="client.GameSpec" name="queen add should add queen" time="0.003">
                                                 
                                               </testcase><testcase classname="client.GameSpec" name="queen move should move queen 1" time="0.003">
                                                 
                                               </testcase><testcase classname="client.GameSpec" name="queen move should move queen 2" time="0.003">
                                                 
                                               </testcase><testcase classname="client.GameSpec" name="queen jump should jump one piece" time="0.003">
                                                 
                                               </testcase><testcase classname="client.GameSpec" name="queen jump should jump more pieces" time="0.004">
                                                 
                                               </testcase><testcase classname="client.GameSpec" name="queen jump should not jump over row of pieces" time="0.003">
                                                 
                                               </testcase>
                     <system-out></system-out>
                     <system-err></system-err>
                   </testsuite>